<?xml version="1.0" encoding="UTF-8"?>
<!-- Generated by org.testng.reporters.JUnitReportReporter -->
<testsuite hostname="DESKTOP-P5DO3M4" failures="0" tests="1" name="com.InetBankingV1.TestCasess.TC_HomePage_001" time="10.747" errors="0" timestamp="2021-09-21T16:30:22 IST" skipped="0">
  <testcase classname="com.InetBankingV1.TestCasess.TC_HomePage_001" name="TstOne" time="10.747"/>
  <system-out/>
</testsuite> <!-- com.InetBankingV1.TestCasess.TC_HomePage_001 -->
